[2025-05-29T10:08:17.853+0000] {manager.py:470} INFO - Processing files using up to 2 processes at a time 
[2025-05-29T10:08:17.855+0000] {manager.py:471} INFO - Process each file at most once every 30 seconds
[2025-05-29T10:08:17.857+0000] {manager.py:472} INFO - Checking for new files in /opt/airflow/dags every 300 seconds
[2025-05-29T10:08:17.859+0000] {manager.py:737} INFO - Searching for files in /opt/airflow/dags
[2025-05-29T10:08:17.872+0000] {manager.py:740} INFO - There are 1 files in /opt/airflow/dags
[2025-05-29T10:08:19.054+0000] {manager.py:878} INFO - 
================================================================================
DAG File Processing Stats

File Path                                    PID  Runtime      # DAGs    # Errors  Last Runtime    Last Run
-----------------------------------------  -----  ---------  --------  ----------  --------------  ----------
/opt/airflow/dags/daily_sales_pipeline.py    171  0.95s             0           0
================================================================================
[2025-05-29T10:08:49.255+0000] {manager.py:878} INFO - 
================================================================================
DAG File Processing Stats

File Path                                  PID    Runtime      # DAGs    # Errors  Last Runtime    Last Run
-----------------------------------------  -----  ---------  --------  ----------  --------------  -------------------
/opt/airflow/dags/daily_sales_pipeline.py                           1           0  3.44s           2025-05-29T10:08:21
================================================================================
[2025-05-29T10:09:19.877+0000] {manager.py:878} INFO - 
================================================================================
DAG File Processing Stats

File Path                                  PID    Runtime      # DAGs    # Errors  Last Runtime    Last Run
-----------------------------------------  -----  ---------  --------  ----------  --------------  -------------------
/opt/airflow/dags/daily_sales_pipeline.py                           1           0  1.06s           2025-05-29T10:08:52
================================================================================
[2025-05-29T10:09:50.212+0000] {manager.py:878} INFO - 
================================================================================
DAG File Processing Stats

File Path                                  PID    Runtime      # DAGs    # Errors  Last Runtime    Last Run
-----------------------------------------  -----  ---------  --------  ----------  --------------  -------------------
/opt/airflow/dags/daily_sales_pipeline.py                           1           0  2.11s           2025-05-29T10:09:25
================================================================================
[2025-05-29T10:10:20.472+0000] {manager.py:878} INFO - 
================================================================================
DAG File Processing Stats

File Path                                  PID    Runtime      # DAGs    # Errors  Last Runtime    Last Run
-----------------------------------------  -----  ---------  --------  ----------  --------------  -------------------
/opt/airflow/dags/daily_sales_pipeline.py                           1           0  8.22s           2025-05-29T10:10:03
================================================================================
[2025-05-29T10:10:50.777+0000] {manager.py:878} INFO - 
================================================================================
DAG File Processing Stats

File Path                                  PID    Runtime      # DAGs    # Errors  Last Runtime    Last Run
-----------------------------------------  -----  ---------  --------  ----------  --------------  -------------------
/opt/airflow/dags/daily_sales_pipeline.py                           1           0  0.30s           2025-05-29T10:10:33
================================================================================
[2025-05-29T10:11:21.108+0000] {manager.py:878} INFO - 
================================================================================
DAG File Processing Stats

File Path                                  PID    Runtime      # DAGs    # Errors  Last Runtime    Last Run
-----------------------------------------  -----  ---------  --------  ----------  --------------  -------------------
/opt/airflow/dags/daily_sales_pipeline.py                           1           0  0.44s           2025-05-29T10:11:04
================================================================================
[2025-05-29T10:11:51.287+0000] {manager.py:878} INFO - 
================================================================================
DAG File Processing Stats

File Path                                  PID    Runtime      # DAGs    # Errors  Last Runtime    Last Run
-----------------------------------------  -----  ---------  --------  ----------  --------------  -------------------
/opt/airflow/dags/daily_sales_pipeline.py                           1           0  0.89s           2025-05-29T10:11:35
================================================================================
[2025-05-29T10:12:21.712+0000] {manager.py:878} INFO - 
================================================================================
DAG File Processing Stats

File Path                                  PID    Runtime      # DAGs    # Errors  Last Runtime    Last Run
-----------------------------------------  -----  ---------  --------  ----------  --------------  -------------------
/opt/airflow/dags/daily_sales_pipeline.py                           1           0  1.63s           2025-05-29T10:12:07
================================================================================
[2025-05-29T10:12:51.988+0000] {manager.py:878} INFO - 
================================================================================
DAG File Processing Stats

File Path                                  PID    Runtime      # DAGs    # Errors  Last Runtime    Last Run
-----------------------------------------  -----  ---------  --------  ----------  --------------  -------------------
/opt/airflow/dags/daily_sales_pipeline.py                           1           0  1.85s           2025-05-29T10:12:39
================================================================================
[2025-05-29T10:13:18.182+0000] {manager.py:737} INFO - Searching for files in /opt/airflow/dags
[2025-05-29T10:13:18.211+0000] {manager.py:740} INFO - There are 1 files in /opt/airflow/dags
[2025-05-29T10:13:22.255+0000] {manager.py:878} INFO - 
================================================================================
DAG File Processing Stats

File Path                                  PID    Runtime      # DAGs    # Errors  Last Runtime    Last Run
-----------------------------------------  -----  ---------  --------  ----------  --------------  -------------------
/opt/airflow/dags/daily_sales_pipeline.py                           1           0  0.92s           2025-05-29T10:13:10
================================================================================
[2025-05-29T10:13:52.554+0000] {manager.py:878} INFO - 
================================================================================
DAG File Processing Stats

File Path                                  PID    Runtime      # DAGs    # Errors  Last Runtime    Last Run
-----------------------------------------  -----  ---------  --------  ----------  --------------  -------------------
/opt/airflow/dags/daily_sales_pipeline.py                           1           0  0.16s           2025-05-29T10:13:40
================================================================================
[2025-05-29T10:14:22.835+0000] {manager.py:878} INFO - 
================================================================================
DAG File Processing Stats

File Path                                  PID    Runtime      # DAGs    # Errors  Last Runtime    Last Run
-----------------------------------------  -----  ---------  --------  ----------  --------------  -------------------
/opt/airflow/dags/daily_sales_pipeline.py                           1           0  0.31s           2025-05-29T10:14:11
================================================================================
[2025-05-29T10:14:53.272+0000] {manager.py:878} INFO - 
================================================================================
DAG File Processing Stats

File Path                                  PID    Runtime      # DAGs    # Errors  Last Runtime    Last Run
-----------------------------------------  -----  ---------  --------  ----------  --------------  -------------------
/opt/airflow/dags/daily_sales_pipeline.py                           1           0  0.14s           2025-05-29T10:14:41
================================================================================
[2025-05-29T10:15:23.543+0000] {manager.py:878} INFO - 
================================================================================
DAG File Processing Stats

File Path                                  PID    Runtime      # DAGs    # Errors  Last Runtime    Last Run
-----------------------------------------  -----  ---------  --------  ----------  --------------  -------------------
/opt/airflow/dags/daily_sales_pipeline.py                           1           0  0.47s           2025-05-29T10:15:11
================================================================================
[2025-05-29T10:15:54.101+0000] {manager.py:878} INFO - 
================================================================================
DAG File Processing Stats

File Path                                  PID    Runtime      # DAGs    # Errors  Last Runtime    Last Run
-----------------------------------------  -----  ---------  --------  ----------  --------------  -------------------
/opt/airflow/dags/daily_sales_pipeline.py                           1           0  0.33s           2025-05-29T10:15:42
================================================================================
[2025-05-29T10:16:24.610+0000] {manager.py:878} INFO - 
================================================================================
DAG File Processing Stats

File Path                                  PID    Runtime      # DAGs    # Errors  Last Runtime    Last Run
-----------------------------------------  -----  ---------  --------  ----------  --------------  -------------------
/opt/airflow/dags/daily_sales_pipeline.py                           1           0  0.28s           2025-05-29T10:16:12
================================================================================
[2025-05-29T10:16:55.029+0000] {manager.py:878} INFO - 
================================================================================
DAG File Processing Stats

File Path                                  PID    Runtime      # DAGs    # Errors  Last Runtime    Last Run
-----------------------------------------  -----  ---------  --------  ----------  --------------  -------------------
/opt/airflow/dags/daily_sales_pipeline.py                           1           0  0.14s           2025-05-29T10:16:43
================================================================================
[2025-05-29T10:17:25.320+0000] {manager.py:878} INFO - 
================================================================================
DAG File Processing Stats

File Path                                  PID    Runtime      # DAGs    # Errors  Last Runtime    Last Run
-----------------------------------------  -----  ---------  --------  ----------  --------------  -------------------
/opt/airflow/dags/daily_sales_pipeline.py                           1           0  0.13s           2025-05-29T10:17:13
================================================================================
[2025-05-29T10:17:55.507+0000] {manager.py:878} INFO - 
================================================================================
DAG File Processing Stats

File Path                                  PID    Runtime      # DAGs    # Errors  Last Runtime    Last Run
-----------------------------------------  -----  ---------  --------  ----------  --------------  -------------------
/opt/airflow/dags/daily_sales_pipeline.py                           1           0  0.13s           2025-05-29T10:17:43
================================================================================
[2025-05-29T10:18:18.745+0000] {manager.py:737} INFO - Searching for files in /opt/airflow/dags
[2025-05-29T10:18:18.765+0000] {manager.py:740} INFO - There are 1 files in /opt/airflow/dags
[2025-05-29T10:18:25.824+0000] {manager.py:878} INFO - 
================================================================================
DAG File Processing Stats

File Path                                  PID    Runtime      # DAGs    # Errors  Last Runtime    Last Run
-----------------------------------------  -----  ---------  --------  ----------  --------------  -------------------
/opt/airflow/dags/daily_sales_pipeline.py                           1           0  0.30s           2025-05-29T10:18:13
================================================================================
